2025-09-14 18:25:12,961 - __main__ - INFO - ResumeScreenerApp initialized
2025-09-14 18:25:13,012 - __main__ - INFO - Initializing AI Resume Screener system...
2025-09-14 18:25:13,012 - __main__ - INFO - Loading machine learning models...
2025-09-14 18:25:13,013 - __main__ - INFO - Loading embedding model...
2025-09-14 18:25:13,015 - sentence_transformers.SentenceTransformer - INFO - Use pytorch device_name: cpu
2025-09-14 18:25:13,016 - sentence_transformers.SentenceTransformer - INFO - Load pretrained SentenceTransformer: sentence-transformers/all-MiniLM-L6-v2
2025-09-14 18:25:16,631 - __main__ - INFO - Application stopped by user
2025-09-14 18:27:46,733 - __main__ - INFO - ResumeScreenerApp initialized
2025-09-14 18:27:46,733 - __main__ - INFO - Launching AI Resume Screener...
2025-09-14 18:27:46,733 - __main__ - INFO - Initializing AI Resume Screener system...
2025-09-14 18:27:46,734 - __main__ - INFO - Loading machine learning models...
2025-09-14 18:27:46,734 - __main__ - INFO - Loading embedding model...
2025-09-14 18:27:46,735 - sentence_transformers.SentenceTransformer - INFO - Use pytorch device_name: cpu
2025-09-14 18:27:46,735 - sentence_transformers.SentenceTransformer - INFO - Load pretrained SentenceTransformer: sentence-transformers/all-MiniLM-L6-v2
2025-09-14 18:27:51,478 - __main__ - INFO - Application stopped by user
2025-09-14 18:28:11,127 - __main__ - INFO - ResumeScreenerApp initialized
2025-09-14 18:28:11,128 - __main__ - INFO - Launching AI Resume Screener...
2025-09-14 18:28:11,128 - __main__ - INFO - Initializing AI Resume Screener system...
2025-09-14 18:28:11,128 - __main__ - INFO - Loading machine learning models...
2025-09-14 18:28:11,128 - __main__ - INFO - Loading embedding model...
2025-09-14 18:28:11,129 - sentence_transformers.SentenceTransformer - INFO - Use pytorch device_name: cpu
2025-09-14 18:28:11,130 - sentence_transformers.SentenceTransformer - INFO - Load pretrained SentenceTransformer: sentence-transformers/all-MiniLM-L6-v2
2025-09-14 18:28:15,114 - __main__ - INFO - Loading summarization model...
2025-09-14 18:28:17,014 - __main__ - INFO - Application stopped by user
2025-09-14 18:31:47,460 - __main__ - INFO - ResumeScreenerApp initialized
2025-09-14 18:31:47,460 - __main__ - INFO - Launching AI Resume Screener...
2025-09-14 18:31:47,460 - __main__ - INFO - Initializing AI Resume Screener system...
2025-09-14 18:31:47,460 - __main__ - INFO - Loading machine learning models...
2025-09-14 18:31:47,461 - __main__ - INFO - Loading embedding model...
2025-09-14 18:31:47,461 - sentence_transformers.SentenceTransformer - INFO - Use pytorch device_name: cpu
2025-09-14 18:31:47,462 - sentence_transformers.SentenceTransformer - INFO - Load pretrained SentenceTransformer: sentence-transformers/all-MiniLM-L6-v2
2025-09-14 18:31:51,474 - __main__ - INFO - Embedding model loaded
2025-09-14 18:31:51,474 - __main__ - INFO - Loading summarization model...
2025-09-14 18:31:53,745 - __main__ - INFO - Summarization model loaded
2025-09-14 18:31:53,745 - __main__ - INFO - Loading Q&A model...
2025-09-14 18:31:59,372 - __main__ - INFO - Q&A model loaded
2025-09-14 18:31:59,373 - __main__ - INFO - All models loaded successfully!
2025-09-14 18:31:59,418 - __main__ - INFO - System initialized successfully!
2025-09-14 18:31:59,617 - __main__ - INFO - Starting server on 127.0.0.1:7860
2025-09-14 18:32:00,132 - httpx - INFO - HTTP Request: GET http://127.0.0.1:7860/gradio_api/startup-events "HTTP/1.1 200 OK"
2025-09-14 18:32:00,441 - httpx - INFO - HTTP Request: HEAD http://127.0.0.1:7860/ "HTTP/1.1 200 OK"
2025-09-14 18:32:03,948 - httpx - INFO - HTTP Request: GET https://api.gradio.app/pkg-version "HTTP/1.1 200 OK"
2025-09-14 18:32:32,006 - __main__ - INFO - Added resume for srinivas to index
2025-09-14 18:35:24,280 - __main__ - INFO - ResumeScreenerApp initialized
2025-09-14 18:35:24,281 - __main__ - INFO - Launching AI Resume Screener...
2025-09-14 18:35:24,281 - __main__ - INFO - Initializing AI Resume Screener system...
2025-09-14 18:35:24,282 - __main__ - INFO - Loading machine learning models...
2025-09-14 18:35:24,282 - __main__ - INFO - Loading embedding model...
2025-09-14 18:35:24,284 - sentence_transformers.SentenceTransformer - INFO - Use pytorch device_name: cpu
2025-09-14 18:35:24,285 - sentence_transformers.SentenceTransformer - INFO - Load pretrained SentenceTransformer: sentence-transformers/all-MiniLM-L6-v2
2025-09-14 18:35:28,649 - __main__ - INFO - Embedding model loaded
2025-09-14 18:35:28,649 - __main__ - INFO - Loading summarization model...
2025-09-14 18:35:30,385 - __main__ - INFO - Summarization model loaded
2025-09-14 18:35:30,386 - __main__ - INFO - Loading Q&A model...
2025-09-14 18:35:35,779 - __main__ - INFO - Q&A model loaded
2025-09-14 18:35:35,779 - __main__ - INFO - All models loaded successfully!
2025-09-14 18:35:35,779 - __main__ - INFO - System initialized successfully!
2025-09-14 18:35:36,100 - __main__ - INFO - Starting server on 127.0.0.1:7860
2025-09-14 18:35:37,013 - httpx - INFO - HTTP Request: GET http://127.0.0.1:7860/gradio_api/startup-events "HTTP/1.1 200 OK"
2025-09-14 18:35:37,045 - httpx - INFO - HTTP Request: HEAD http://127.0.0.1:7860/ "HTTP/1.1 200 OK"
2025-09-14 18:35:40,651 - httpx - INFO - HTTP Request: GET https://api.gradio.app/pkg-version "HTTP/1.1 200 OK"
2025-09-14 18:35:53,966 - __main__ - INFO - Added resume for reddy to index
2025-09-19 23:18:38,455 - __main__ - INFO - ResumeScreenerApp initialized
2025-09-19 23:18:38,508 - __main__ - INFO - Launching AI Resume Screener...
2025-09-19 23:18:38,509 - __main__ - INFO - Initializing AI Resume Screener system...
2025-09-19 23:18:38,509 - __main__ - INFO - Loading machine learning models...
2025-09-19 23:18:38,510 - __main__ - INFO - Loading embedding model...
2025-09-19 23:18:38,512 - sentence_transformers.SentenceTransformer - INFO - Use pytorch device_name: cpu
2025-09-19 23:18:38,512 - sentence_transformers.SentenceTransformer - INFO - Load pretrained SentenceTransformer: sentence-transformers/all-MiniLM-L6-v2
2025-09-19 23:18:43,832 - __main__ - INFO - Embedding model loaded
2025-09-19 23:18:43,833 - __main__ - INFO - Loading summarization model...
2025-09-19 23:18:46,102 - __main__ - INFO - Summarization model loaded
2025-09-19 23:18:46,102 - __main__ - INFO - Loading Q&A model...
2025-09-19 23:18:52,302 - __main__ - INFO - Q&A model loaded
2025-09-19 23:18:52,303 - __main__ - INFO - All models loaded successfully!
2025-09-19 23:18:52,304 - __main__ - INFO - System initialized successfully!
2025-09-19 23:18:52,652 - __main__ - INFO - Starting server on 127.0.0.1:7860
2025-09-19 23:18:53,658 - httpx - INFO - HTTP Request: GET http://127.0.0.1:7860/gradio_api/startup-events "HTTP/1.1 200 OK"
2025-09-19 23:18:54,048 - httpx - INFO - HTTP Request: HEAD http://127.0.0.1:7860/ "HTTP/1.1 200 OK"
2025-09-19 23:18:54,104 - httpx - INFO - HTTP Request: GET https://api.gradio.app/pkg-version "HTTP/1.1 200 OK"
2025-09-19 23:29:05,639 - __main__ - INFO - Added resume for Sample_AI_Resume to index
2025-09-19 23:45:53,723 - __main__ - INFO - ResumeScreenerApp initialized
2025-09-19 23:45:53,724 - __main__ - INFO - Launching AI Resume Screener...
2025-09-19 23:45:53,724 - __main__ - INFO - Initializing AI Resume Screener system...
2025-09-19 23:45:53,725 - __main__ - INFO - Loading machine learning models...
2025-09-19 23:45:53,725 - __main__ - INFO - Loading embedding model...
2025-09-19 23:45:53,726 - sentence_transformers.SentenceTransformer - INFO - Use pytorch device_name: cpu
2025-09-19 23:45:53,726 - sentence_transformers.SentenceTransformer - INFO - Load pretrained SentenceTransformer: sentence-transformers/all-MiniLM-L6-v2
2025-09-19 23:45:58,943 - __main__ - INFO - Embedding model loaded
2025-09-19 23:45:58,943 - __main__ - INFO - Loading summarization model...
2025-09-19 23:46:01,119 - __main__ - INFO - Summarization model loaded
2025-09-19 23:46:01,119 - __main__ - INFO - Loading Q&A model...
2025-09-19 23:46:06,414 - __main__ - INFO - Q&A model loaded
2025-09-19 23:46:06,414 - __main__ - INFO - All models loaded successfully!
2025-09-19 23:46:06,457 - __main__ - INFO - System initialized successfully!
2025-09-19 23:46:06,644 - __main__ - INFO - Starting server on 127.0.0.1:7860
2025-09-19 23:46:07,118 - httpx - INFO - HTTP Request: GET http://127.0.0.1:7860/gradio_api/startup-events "HTTP/1.1 200 OK"
2025-09-19 23:46:07,172 - httpx - INFO - HTTP Request: HEAD http://127.0.0.1:7860/ "HTTP/1.1 200 OK"
2025-09-19 23:46:11,036 - httpx - INFO - HTTP Request: GET https://api.gradio.app/pkg-version "HTTP/1.1 200 OK"
2025-09-19 23:48:01,714 - __main__ - INFO - ResumeScreenerApp initialized
2025-09-19 23:48:01,715 - __main__ - INFO - Launching AI Resume Screener...
2025-09-19 23:48:01,715 - __main__ - INFO - Initializing AI Resume Screener system...
2025-09-19 23:48:01,715 - __main__ - INFO - Loading machine learning models...
2025-09-19 23:48:01,715 - __main__ - INFO - Loading embedding model...
2025-09-19 23:48:01,716 - sentence_transformers.SentenceTransformer - INFO - Use pytorch device_name: cpu
2025-09-19 23:48:01,717 - sentence_transformers.SentenceTransformer - INFO - Load pretrained SentenceTransformer: sentence-transformers/all-MiniLM-L6-v2
2025-09-19 23:48:06,103 - __main__ - INFO - Embedding model loaded
2025-09-19 23:48:06,103 - __main__ - INFO - Loading summarization model...
2025-09-19 23:48:07,693 - __main__ - INFO - Summarization model loaded
2025-09-19 23:48:07,694 - __main__ - INFO - Loading Q&A model...
2025-09-19 23:48:41,550 - __main__ - INFO - ResumeScreenerApp initialized
2025-09-19 23:48:41,551 - __main__ - INFO - Launching AI Resume Screener...
2025-09-19 23:48:41,551 - __main__ - INFO - Initializing AI Resume Screener system...
2025-09-19 23:48:41,551 - __main__ - INFO - Loading machine learning models...
2025-09-19 23:48:41,551 - __main__ - INFO - Loading embedding model...
2025-09-19 23:48:41,552 - sentence_transformers.SentenceTransformer - INFO - Use pytorch device_name: cpu
2025-09-19 23:48:41,552 - sentence_transformers.SentenceTransformer - INFO - Load pretrained SentenceTransformer: sentence-transformers/all-MiniLM-L6-v2
2025-09-19 23:48:47,561 - __main__ - INFO - Embedding model loaded
2025-09-19 23:48:47,561 - __main__ - INFO - Loading summarization model...
2025-09-19 23:48:49,131 - __main__ - INFO - Summarization model loaded
2025-09-19 23:48:49,131 - __main__ - INFO - Loading Q&A model...
2025-09-19 23:48:54,229 - __main__ - INFO - Q&A model loaded
2025-09-19 23:48:54,230 - __main__ - INFO - All models loaded successfully!
2025-09-19 23:48:54,230 - __main__ - INFO - System initialized successfully!
2025-09-19 23:48:54,433 - __main__ - INFO - Starting server on 127.0.0.1:7860
2025-09-19 23:48:54,942 - httpx - INFO - HTTP Request: GET http://127.0.0.1:7860/gradio_api/startup-events "HTTP/1.1 200 OK"
2025-09-19 23:48:55,303 - httpx - INFO - HTTP Request: HEAD http://127.0.0.1:7860/ "HTTP/1.1 200 OK"
2025-09-19 23:48:58,825 - httpx - INFO - HTTP Request: GET https://api.gradio.app/v3/tunnel-request "HTTP/1.1 200 OK"
2025-09-19 23:48:58,897 - httpx - INFO - HTTP Request: GET https://api.gradio.app/pkg-version "HTTP/1.1 200 OK"
2025-09-20 12:33:53,906 - __main__ - INFO - ResumeScreenerApp initialized
2025-09-20 12:33:53,907 - __main__ - INFO - Launching AI Resume Screener...
2025-09-20 12:33:53,907 - __main__ - INFO - Initializing AI Resume Screener system...
2025-09-20 12:33:53,907 - __main__ - INFO - Loading machine learning models...
2025-09-20 12:33:53,907 - __main__ - INFO - Loading embedding model...
2025-09-20 12:33:53,910 - sentence_transformers.SentenceTransformer - INFO - Use pytorch device_name: cpu
2025-09-20 12:33:53,910 - sentence_transformers.SentenceTransformer - INFO - Load pretrained SentenceTransformer: sentence-transformers/all-MiniLM-L6-v2
2025-09-20 12:34:01,470 - __main__ - INFO - Embedding model loaded
2025-09-20 12:34:01,471 - __main__ - INFO - Loading summarization model...
2025-09-20 12:34:04,916 - __main__ - INFO - Summarization model loaded
2025-09-20 12:34:04,918 - __main__ - INFO - Loading Q&A model...
2025-09-20 12:34:12,150 - __main__ - INFO - Q&A model loaded
2025-09-20 12:34:12,151 - __main__ - INFO - All models loaded successfully!
2025-09-20 12:34:12,152 - __main__ - INFO - System initialized successfully!
2025-09-20 12:34:12,798 - __main__ - INFO - Starting server on 127.0.0.1:7860
2025-09-20 12:34:14,575 - httpx - INFO - HTTP Request: GET http://127.0.0.1:7860/gradio_api/startup-events "HTTP/1.1 200 OK"
2025-09-20 12:34:15,177 - httpx - INFO - HTTP Request: HEAD http://127.0.0.1:7860/ "HTTP/1.1 200 OK"
2025-09-20 12:34:15,238 - httpx - INFO - HTTP Request: GET https://api.gradio.app/pkg-version "HTTP/1.1 200 OK"
2025-09-20 12:34:17,893 - httpx - INFO - HTTP Request: GET https://api.gradio.app/v3/tunnel-request "HTTP/1.1 200 OK"
2025-09-20 12:35:28,394 - __main__ - INFO - Added resume for Sample_AI_Resume to index
2025-09-22 21:08:27,557 - __main__ - INFO - ResumeScreenerApp initialized
2025-09-22 21:08:27,557 - __main__ - INFO - Launching AI Resume Screener...
2025-09-22 21:08:27,558 - __main__ - INFO - Initializing AI Resume Screener system...
2025-09-22 21:08:27,558 - __main__ - INFO - Loading machine learning models...
2025-09-22 21:08:27,558 - __main__ - INFO - Loading embedding model...
2025-09-22 21:08:27,560 - sentence_transformers.SentenceTransformer - INFO - Use pytorch device_name: cpu
2025-09-22 21:08:27,560 - sentence_transformers.SentenceTransformer - INFO - Load pretrained SentenceTransformer: sentence-transformers/all-MiniLM-L6-v2
2025-09-22 21:08:32,147 - __main__ - INFO - Embedding model loaded
2025-09-22 21:08:32,147 - __main__ - INFO - Loading summarization model...
2025-09-22 21:08:34,693 - __main__ - INFO - Summarization model loaded
2025-09-22 21:08:34,694 - __main__ - INFO - Loading Q&A model...
2025-09-22 21:08:39,746 - __main__ - INFO - Q&A model loaded
2025-09-22 21:08:39,746 - __main__ - INFO - All models loaded successfully!
2025-09-22 21:08:39,747 - __main__ - INFO - System initialized successfully!
2025-09-22 21:08:40,023 - __main__ - INFO - Starting server on 127.0.0.1:7860
2025-09-22 21:08:40,785 - httpx - INFO - HTTP Request: GET http://127.0.0.1:7860/gradio_api/startup-events "HTTP/1.1 200 OK"
2025-09-22 21:08:40,879 - httpx - INFO - HTTP Request: HEAD http://127.0.0.1:7860/ "HTTP/1.1 200 OK"
2025-09-22 21:08:41,757 - httpx - INFO - HTTP Request: GET https://api.gradio.app/pkg-version "HTTP/1.1 200 OK"
2025-09-22 21:08:42,505 - httpx - INFO - HTTP Request: GET https://api.gradio.app/v3/tunnel-request "HTTP/1.1 200 OK"
2025-09-22 21:08:48,084 - __main__ - INFO - ResumeScreenerApp initialized
2025-09-22 21:08:48,085 - __main__ - INFO - Launching AI Resume Screener...
2025-09-22 21:08:48,085 - __main__ - INFO - Initializing AI Resume Screener system...
2025-09-22 21:08:48,086 - __main__ - INFO - Loading machine learning models...
2025-09-22 21:08:48,086 - __main__ - INFO - Loading embedding model...
2025-09-22 21:08:48,088 - sentence_transformers.SentenceTransformer - INFO - Use pytorch device_name: cpu
2025-09-22 21:08:48,089 - sentence_transformers.SentenceTransformer - INFO - Load pretrained SentenceTransformer: sentence-transformers/all-MiniLM-L6-v2
2025-09-22 21:08:52,264 - __main__ - INFO - Embedding model loaded
2025-09-22 21:08:52,265 - __main__ - INFO - Loading summarization model...
2025-09-22 21:08:54,023 - __main__ - INFO - Summarization model loaded
2025-09-22 21:08:54,023 - __main__ - INFO - Loading Q&A model...
2025-09-22 21:08:59,191 - __main__ - INFO - Q&A model loaded
2025-09-22 21:08:59,191 - __main__ - INFO - All models loaded successfully!
2025-09-22 21:08:59,192 - __main__ - INFO - System initialized successfully!
2025-09-22 21:08:59,390 - __main__ - INFO - Starting server on 127.0.0.1:7860
2025-09-22 21:08:59,547 - __main__ - ERROR - Error launching application: Cannot find empty port in range: 7860-7860. You can specify a different port by setting the GRADIO_SERVER_PORT environment variable or passing the `server_port` parameter to `launch()`.
2025-09-22 21:08:59,548 - __main__ - ERROR - Fatal error: Cannot find empty port in range: 7860-7860. You can specify a different port by setting the GRADIO_SERVER_PORT environment variable or passing the `server_port` parameter to `launch()`.
2025-09-22 21:09:00,944 - httpx - INFO - HTTP Request: GET https://api.gradio.app/pkg-version "HTTP/1.1 200 OK"
2025-09-22 21:09:24,957 - __main__ - INFO - Added resume for Sample_AI_Resume to index
2025-09-22 21:21:56,161 - __main__ - INFO - ResumeScreenerApp initialized
2025-09-22 21:21:56,162 - __main__ - INFO - Launching AI Resume Screener...
2025-09-22 21:21:56,162 - __main__ - INFO - Initializing AI Resume Screener system...
2025-09-22 21:21:56,163 - __main__ - INFO - Loading machine learning models...
2025-09-22 21:21:56,163 - __main__ - INFO - Loading embedding model...
2025-09-22 21:21:56,167 - sentence_transformers.SentenceTransformer - INFO - Use pytorch device_name: cpu
2025-09-22 21:21:56,168 - sentence_transformers.SentenceTransformer - INFO - Load pretrained SentenceTransformer: sentence-transformers/all-MiniLM-L6-v2
2025-09-22 21:22:00,862 - __main__ - INFO - Embedding model loaded
2025-09-22 21:22:00,863 - __main__ - INFO - Loading summarization model...
2025-09-22 21:22:02,678 - __main__ - INFO - Summarization model loaded
2025-09-22 21:22:02,679 - __main__ - INFO - Loading Q&A model...
2025-09-22 21:22:07,143 - __main__ - INFO - Q&A model loaded
2025-09-22 21:22:07,143 - __main__ - INFO - All models loaded successfully!
2025-09-22 21:22:07,146 - __main__ - INFO - System initialized successfully!
2025-09-22 21:22:07,414 - __main__ - INFO - Starting server on 127.0.0.1:7860
2025-09-22 21:22:08,136 - httpx - INFO - HTTP Request: GET http://127.0.0.1:7860/gradio_api/startup-events "HTTP/1.1 200 OK"
2025-09-22 21:22:08,464 - httpx - INFO - HTTP Request: HEAD http://127.0.0.1:7860/ "HTTP/1.1 200 OK"
2025-09-22 21:22:11,864 - httpx - INFO - HTTP Request: GET https://api.gradio.app/v3/tunnel-request "HTTP/1.1 200 OK"
2025-09-22 21:22:11,891 - httpx - INFO - HTTP Request: GET https://api.gradio.app/pkg-version "HTTP/1.1 200 OK"
2025-10-11 00:18:20,311 - __main__ - INFO - ResumeScreenerApp initialized
2025-10-11 00:18:20,313 - __main__ - INFO - Launching AI Resume Screener...
2025-10-11 00:18:20,313 - __main__ - INFO - Initializing AI Resume Screener system...
2025-10-11 00:18:20,313 - __main__ - INFO - Loading machine learning models...
2025-10-11 00:18:20,313 - __main__ - INFO - Loading embedding model...
2025-10-11 00:18:20,317 - sentence_transformers.SentenceTransformer - INFO - Use pytorch device_name: cpu
2025-10-11 00:18:20,317 - sentence_transformers.SentenceTransformer - INFO - Load pretrained SentenceTransformer: sentence-transformers/all-MiniLM-L6-v2
2025-10-11 00:18:24,571 - huggingface_hub.file_download - WARNING - Xet Storage is enabled for this repo, but the 'hf_xet' package is not installed. Falling back to regular HTTP download. For better performance, install the package with: `pip install huggingface_hub[hf_xet]` or `pip install hf_xet`
2025-10-11 00:18:54,833 - __main__ - INFO - Embedding model loaded
2025-10-11 00:18:54,834 - __main__ - INFO - Loading summarization model...
2025-10-11 00:18:55,393 - huggingface_hub.file_download - WARNING - Xet Storage is enabled for this repo, but the 'hf_xet' package is not installed. Falling back to regular HTTP download. For better performance, install the package with: `pip install huggingface_hub[hf_xet]` or `pip install hf_xet`
2025-10-11 00:26:49,811 - __main__ - INFO - Summarization model loaded
2025-10-11 00:26:49,812 - __main__ - INFO - Loading Q&A model...
2025-10-11 00:26:50,611 - huggingface_hub.file_download - WARNING - Xet Storage is enabled for this repo, but the 'hf_xet' package is not installed. Falling back to regular HTTP download. For better performance, install the package with: `pip install huggingface_hub[hf_xet]` or `pip install hf_xet`
2025-10-11 00:28:12,861 - __main__ - INFO - Q&A model loaded
2025-10-11 00:28:12,861 - __main__ - INFO - All models loaded successfully!
2025-10-11 00:28:12,863 - __main__ - INFO - System initialized successfully!
2025-10-11 00:28:13,313 - __main__ - INFO - Starting server on 127.0.0.1:7860
2025-10-11 00:28:15,626 - httpx - INFO - HTTP Request: GET http://127.0.0.1:7860/gradio_api/startup-events "HTTP/1.1 200 OK"
2025-10-11 00:28:16,065 - httpx - INFO - HTTP Request: HEAD http://127.0.0.1:7860/ "HTTP/1.1 200 OK"
2025-10-11 00:28:16,124 - httpx - INFO - HTTP Request: GET https://api.gradio.app/pkg-version "HTTP/1.1 200 OK"
2025-10-11 00:28:18,586 - httpx - INFO - HTTP Request: GET https://api.gradio.app/v3/tunnel-request "HTTP/1.1 200 OK"
2025-10-11 00:28:20,214 - httpx - INFO - HTTP Request: GET https://cdn-media.huggingface.co/frpc-gradio-0.3/frpc_windows_amd64.exe "HTTP/1.1 200 OK"
2025-10-11 00:29:49,680 - __main__ - INFO - Added resume for aiml intern to index
2025-10-11 00:29:50,095 - __main__ - INFO - Added resume for Data Science to index
2025-10-11 00:29:50,485 - __main__ - INFO - Added resume for devops to index
2025-10-11 00:29:50,912 - __main__ - INFO - Added resume for frontend to index
2025-10-11 00:29:51,590 - __main__ - INFO - Added resume for general to index
2025-10-11 06:41:19,445 - __main__ - INFO - ResumeScreenerApp initialized
2025-10-11 06:41:19,447 - __main__ - INFO - Launching AI Resume Screener...
2025-10-11 06:41:19,447 - __main__ - INFO - Initializing AI Resume Screener system...
2025-10-11 06:41:19,448 - __main__ - INFO - Loading machine learning models...
2025-10-11 06:41:19,448 - __main__ - INFO - Loading embedding model...
2025-10-11 06:41:19,450 - sentence_transformers.SentenceTransformer - INFO - Use pytorch device_name: cpu
2025-10-11 06:41:19,451 - sentence_transformers.SentenceTransformer - INFO - Load pretrained SentenceTransformer: sentence-transformers/all-MiniLM-L6-v2
2025-10-11 06:41:27,010 - __main__ - INFO - Embedding model loaded
2025-10-11 06:41:27,011 - __main__ - INFO - Loading summarization model...
2025-10-11 06:41:29,731 - __main__ - INFO - Summarization model loaded
2025-10-11 06:41:29,732 - __main__ - INFO - Loading Q&A model...
2025-10-11 06:41:37,107 - __main__ - INFO - Q&A model loaded
2025-10-11 06:41:37,107 - __main__ - INFO - All models loaded successfully!
2025-10-11 06:41:37,109 - __main__ - INFO - System initialized successfully!
2025-10-11 06:41:37,522 - __main__ - INFO - Starting server on 127.0.0.1:7860
2025-10-11 06:41:39,442 - httpx - INFO - HTTP Request: GET http://127.0.0.1:7860/gradio_api/startup-events "HTTP/1.1 200 OK"
2025-10-11 06:41:39,503 - httpx - INFO - HTTP Request: HEAD http://127.0.0.1:7860/ "HTTP/1.1 200 OK"
2025-10-11 06:41:40,283 - httpx - INFO - HTTP Request: GET https://api.gradio.app/pkg-version "HTTP/1.1 200 OK"
2025-10-11 06:41:41,820 - httpx - INFO - HTTP Request: GET https://api.gradio.app/v3/tunnel-request "HTTP/1.1 200 OK"
2025-10-14 22:55:04,405 - __main__ - INFO - ResumeScreenerApp initialized
2025-10-14 22:55:04,405 - __main__ - INFO - Launching AI Resume Screener...
2025-10-14 22:55:04,406 - __main__ - INFO - Initializing AI Resume Screener system...
2025-10-14 22:55:04,406 - __main__ - INFO - Loading machine learning models...
2025-10-14 22:55:04,406 - __main__ - INFO - Loading embedding model...
2025-10-14 22:55:04,407 - sentence_transformers.SentenceTransformer - INFO - Use pytorch device_name: cpu
2025-10-14 22:55:04,407 - sentence_transformers.SentenceTransformer - INFO - Load pretrained SentenceTransformer: sentence-transformers/all-MiniLM-L6-v2
2025-10-14 22:55:11,062 - __main__ - INFO - Embedding model loaded
2025-10-14 22:55:11,063 - __main__ - INFO - Loading summarization model...
2025-10-14 22:55:18,667 - __main__ - INFO - Summarization model loaded
2025-10-14 22:55:18,667 - __main__ - INFO - Loading Q&A model...
2025-10-14 22:55:24,933 - __main__ - INFO - Q&A model loaded
2025-10-14 22:55:24,933 - __main__ - INFO - All models loaded successfully!
2025-10-14 22:55:24,934 - __main__ - INFO - System initialized successfully!
2025-10-14 22:55:25,132 - __main__ - INFO - Starting server on 127.0.0.1:7860
2025-10-14 22:55:25,843 - httpx - INFO - HTTP Request: GET http://127.0.0.1:7860/gradio_api/startup-events "HTTP/1.1 200 OK"
2025-10-14 22:55:26,191 - httpx - INFO - HTTP Request: HEAD http://127.0.0.1:7860/ "HTTP/1.1 200 OK"
2025-10-14 22:55:27,029 - httpx - INFO - HTTP Request: GET https://api.gradio.app/pkg-version "HTTP/1.1 200 OK"
2025-10-14 22:55:27,846 - httpx - INFO - HTTP Request: GET https://api.gradio.app/v3/tunnel-request "HTTP/1.1 200 OK"
2025-10-14 23:01:48,144 - __main__ - INFO - Added resume for aiml intern to index
2025-10-14 23:01:48,497 - __main__ - INFO - Added resume for Data Science to index
2025-10-14 23:01:48,793 - __main__ - INFO - Added resume for devops to index
2025-10-14 23:01:49,136 - __main__ - INFO - Added resume for frontend to index
2025-10-14 23:01:49,814 - __main__ - INFO - Added resume for general to index
2025-10-14 23:01:50,103 - __main__ - INFO - Added resume for java to index
2025-10-14 23:01:50,988 - __main__ - INFO - Added resume for Python Resume to index
2025-10-14 23:01:51,303 - __main__ - INFO - Added resume for resume.b to index
2025-10-14 23:01:51,654 - __main__ - INFO - Added resume for uiux design to index
